2023-07-10 12:51:09,952 - root - INFO     Выполнена функция my_log_factorial(1,) = 1
2023-07-10 12:52:06,730 - root - ERROR    Ошибка! 
2023-07-10 12:52:29,799 - root - INFO     Выполнена функция my_log_factorial[1] = 1
2023-07-10 12:53:36,400 - root - INFO     Выполнена функция my_log_factorial([1]) = 1
2023-07-10 12:53:53,131 - root - INFO     Выполнена функция my_log_factorial([1]) = 1
2023-07-10 12:56:02,717 - root - INFO     Выполнена функция my_log_factorial(1) = 1
2023-07-10 12:56:51,332 - root - INFO     Выполнена функция my_log_factorial(5) = 120
2023-07-10 12:57:04,919 - root - INFO     Выполнена функция my_log_factorial(5) = 120
2023-07-10 12:58:39,773 - root - ERROR    Ошибка! MyValueError, Факториал от отрицательного числа не считаем!
2023-07-10 12:59:49,366 - root - ERROR    Ошибка! MyValueError, Факториал от отрицательного числа не считаем!
2023-07-10 13:00:37,434 - root - INFO     Выполнена функция my_log_factorial(-4) = None
2023-07-10 13:01:13,565 - root - INFO     Выполнена функция my_log_factorial(-4) = None
2023-07-10 13:15:35,126 - root - INFO     Выполнена функция my_log_range_factorial(1, 5, 1) = [1, 2, 6, 24, 120]
2023-07-10 13:15:52,355 - root - INFO     Выполнена функция my_log_range_factorial(1, 1, 1) = [1]
2023-07-10 13:16:15,427 - root - INFO     Выполнена функция my_log_range_factorial(1, 1, 1) = [1]
2023-07-10 13:16:34,063 - root - INFO     Выполнена функция my_log_range_factorial(1, 20, 3) = [1, 24, 5040, 3628800, 6227020800, 20922789888000, 121645100408832000]
2023-07-10 13:36:29,996 - root - INFO     Выполнена функция my_log_range_factorial(1, 1, 1) = [1]
2023-07-10 14:22:03,543 - root - INFO     Выполнена функция my_log_factorial(5) = 120
2023-07-10 14:22:30,202 - root - INFO     Выполнена функция my_log_factorial(-5) = None
2023-07-10 14:23:57,424 - root - ERROR    Ошибка! MyValueError, Факториал от отрицательного числа не считаем!
2023-07-10 14:24:41,994 - root - ERROR    Ошибка! MyValueError, Факториал от отрицательного числа не считаем!
2023-07-10 14:27:09,298 - root - INFO     Выполнена функция my_log_range_factorial(1, 20, 3) = [1, 24, 5040, 3628800, 6227020800, 20922789888000, 121645100408832000]
