INFO:root:Выполнена функция 1 с аргументами [8, 4], {} и с результатом 2.0
INFO:root:Выполнена функция s_div с аргументами [8, 4], {} и с результатом 2.0
2023-07-10 12:54:10,972 - root - INFO     Выполнена функция s_div([8, 4]) = 2.0
2023-07-10 12:54:10,972 - root - ERROR    Ошибка! division by zero
2023-07-10 12:54:10,972 - root - INFO     Выполнена функция my_str_to_date(['1-й четверг ноября']) = 2023-11-02 00:00:00
2023-07-10 12:54:10,972 - root - INFO     Выполнена функция my_str_to_date(['3-я среда мая']) = 2023-05-17 00:00:00
2023-07-10 12:54:10,973 - root - ERROR    Ошибка! no request date
2023-07-10 12:54:55,910 - root - ERROR    Ошибка! sequence item 0: expected str instance, int found
2023-07-10 12:54:55,911 - root - ERROR    Ошибка! division by zero
2023-07-10 12:54:55,911 - root - INFO     Выполнена функция my_str_to_date(1-й четверг ноября) = 2023-11-02 00:00:00
2023-07-10 12:54:55,911 - root - INFO     Выполнена функция my_str_to_date(3-я среда мая) = 2023-05-17 00:00:00
2023-07-10 12:54:55,911 - root - ERROR    Ошибка! no request date
2023-07-10 12:55:10,860 - root - ERROR    Ошибка! sequence item 0: expected str instance, int found
2023-07-10 12:55:10,860 - root - ERROR    Ошибка! division by zero
2023-07-10 12:55:10,860 - root - INFO     Выполнена функция my_str_to_date(1-й четверг ноября) = 2023-11-02 00:00:00
2023-07-10 12:55:10,860 - root - INFO     Выполнена функция my_str_to_date(3-я среда мая) = 2023-05-17 00:00:00
2023-07-10 12:55:10,861 - root - ERROR    Ошибка! no request date
2023-07-10 12:55:43,513 - root - INFO     Выполнена функция s_div(8, 4) = 2.0
2023-07-10 12:55:43,513 - root - ERROR    Ошибка! division by zero
2023-07-10 12:55:43,513 - root - INFO     Выполнена функция my_str_to_date(1-й четверг ноября) = 2023-11-02 00:00:00
2023-07-10 12:55:43,513 - root - INFO     Выполнена функция my_str_to_date(3-я среда мая) = 2023-05-17 00:00:00
2023-07-10 12:55:43,513 - root - ERROR    Ошибка! no request date
